2020-12-27 17:58:58,618 - INFO - ++++++++++++++++++++++++++++++++++++++++++++++++++++++++++++++++++++++++++++++++++++++++++++++++++++
2020-12-27 17:58:58,618 - INFO - 用户信息
2020-12-27 17:58:58,619 - ERROR - 'id'
Traceback (most recent call last):
  File "c:\Develop\python\uploadBili\weibo.py", line 1045, in get_pages
    self.print_user_info()
  File "c:\Develop\python\uploadBili\weibo.py", line 564, in print_user_info
    logger.info(u'用户id：%s', self.user['id'])
KeyError: 'id'
2020-12-27 17:58:58,629 - INFO - 信息抓取完毕
2020-12-27 17:58:58,629 - INFO - ****************************************************************************************************
2020-12-27 17:58:59,115 - INFO - 他只是个孩子啊 信息写入csv文件完毕，保存路径:
2020-12-27 17:58:59,116 - INFO - c:\Develop\python\uploadBili\weibo\users.csv
2020-12-27 17:58:59,116 - INFO - ++++++++++++++++++++++++++++++++++++++++++++++++++++++++++++++++++++++++++++++++++++++++++++++++++++
2020-12-27 17:58:59,116 - INFO - 用户信息
2020-12-27 17:58:59,116 - INFO - 用户id：2366532154
2020-12-27 17:58:59,116 - INFO - 用户昵称：他只是个孩子啊
2020-12-27 17:58:59,125 - INFO - 性别：女
2020-12-27 17:58:59,125 - INFO - 生日：
2020-12-27 17:58:59,125 - INFO - 所在地：福建 厦门
2020-12-27 17:58:59,125 - INFO - 教育经历：
2020-12-27 17:58:59,126 - INFO - 公司：
2020-12-27 17:58:59,126 - INFO - 阳光信用：
2020-12-27 17:58:59,126 - INFO - 注册时间：
2020-12-27 17:58:59,127 - INFO - 微博数：6333
2020-12-27 17:58:59,127 - INFO - 粉丝数：8122977
2020-12-27 17:58:59,127 - INFO - 关注数：142
2020-12-27 17:58:59,127 - INFO - url：https://m.weibo.cn/profile/2366532154
2020-12-27 17:58:59,127 - INFO - 知名母婴育儿博主
2020-12-27 17:58:59,128 - INFO - 祖国的花朵还是仙人掌？ 这是个问题！ （欢迎投稿）
2020-12-27 17:58:59,128 - INFO - ++++++++++++++++++++++++++++++++++++++++++++++++++++++++++++++++++++++++++++++++++++++++++++++++++++
2020-12-27 17:59:38,743 - INFO - 正在过滤转发微博
2020-12-27 17:59:38,744 - INFO - 微博id：4586479693603624
2020-12-27 17:59:38,744 - INFO - 微博正文：#毁掉一个男人有多简单# 为什么你们都不相信光呢 他只是个孩子啊的微博视频 
2020-12-27 17:59:38,745 - INFO - 原始图片url：
2020-12-27 17:59:38,753 - INFO - 微博位置：
2020-12-27 17:59:38,753 - INFO - 发布时间：2020-12-26
2020-12-27 17:59:38,753 - INFO - 发布工具：
2020-12-27 17:59:38,753 - INFO - 点赞数：2669
2020-12-27 17:59:38,754 - INFO - 评论数：650
2020-12-27 17:59:38,754 - INFO - 转发数：568
2020-12-27 17:59:38,754 - INFO - 话题：毁掉一个男人有多简单
2020-12-27 17:59:38,754 - INFO - @用户：
2020-12-27 17:59:38,755 - INFO - url：https://m.weibo.cn/detail/4586479693603624
2020-12-27 17:59:38,755 - INFO - ------------------------------------------------------------------------------------------------------------------------
2020-12-27 17:59:38,755 - INFO - ------------------------------已获取他只是个孩子啊(2366532154)的第1页微博------------------------------
2020-12-27 17:59:38,757 - INFO - 1条微博写入json文件完毕,保存路径:
2020-12-27 17:59:38,757 - INFO - c:\Develop\python\uploadBili\weibo\他只是个孩子啊\2366532154.json
2020-12-27 17:59:38,757 - INFO - 微博爬取完成，共爬取1条微博
2020-12-27 17:59:38,758 - INFO - 信息抓取完毕
2020-12-27 17:59:38,758 - INFO - ****************************************************************************************************
2020-12-27 17:59:39,450 - INFO - 互联网欢乐指南 信息写入csv文件完毕，保存路径:
2020-12-27 17:59:39,451 - INFO - c:\Develop\python\uploadBili\weibo\users.csv
2020-12-27 17:59:39,451 - INFO - ++++++++++++++++++++++++++++++++++++++++++++++++++++++++++++++++++++++++++++++++++++++++++++++++++++
2020-12-27 17:59:39,451 - INFO - 用户信息
2020-12-27 17:59:39,451 - INFO - 用户id：7369153915
2020-12-27 17:59:39,452 - INFO - 用户昵称：互联网欢乐指南
2020-12-27 17:59:39,452 - INFO - 性别：男
2020-12-27 17:59:39,459 - INFO - 生日：
2020-12-27 17:59:39,460 - INFO - 所在地：广东 深圳
2020-12-27 17:59:39,460 - INFO - 教育经历：
2020-12-27 17:59:39,460 - INFO - 公司：
2020-12-27 17:59:39,460 - INFO - 阳光信用：
2020-12-27 17:59:39,461 - INFO - 注册时间：
2020-12-27 17:59:39,461 - INFO - 微博数：215
2020-12-27 17:59:39,461 - INFO - 粉丝数：741210
2020-12-27 17:59:39,461 - INFO - 关注数：143
2020-12-27 17:59:39,462 - INFO - url：https://m.weibo.cn/profile/7369153915
2020-12-27 17:59:39,462 - INFO - 搞笑幽默博主 微博剪辑视频博主
2020-12-27 17:59:39,462 - INFO - 快乐冲浪每一天。
2020-12-27 17:59:39,462 - INFO - ++++++++++++++++++++++++++++++++++++++++++++++++++++++++++++++++++++++++++++++++++++++++++++++++++++
2020-12-27 17:59:41,329 - INFO - 正在过滤转发微博
2020-12-27 17:59:41,329 - INFO - 微博id：4586740293044061
2020-12-27 17:59:41,330 - INFO - 微博正文：#蛋糕上的篮球真精致#  互联网欢乐指南 的红包 
2020-12-27 17:59:41,330 - INFO - 原始图片url：
2020-12-27 17:59:41,330 - INFO - 微博位置：
2020-12-27 17:59:41,330 - INFO - 发布时间：2020-12-27
2020-12-27 17:59:41,330 - INFO - 发布工具：
2020-12-27 17:59:41,330 - INFO - 点赞数：7
2020-12-27 17:59:41,331 - INFO - 评论数：2
2020-12-27 17:59:41,331 - INFO - 转发数：0
2020-12-27 17:59:41,331 - INFO - 话题：蛋糕上的篮球真精致
2020-12-27 17:59:41,331 - INFO - @用户：
2020-12-27 17:59:41,331 - INFO - url：https://m.weibo.cn/detail/4586740293044061
2020-12-27 17:59:41,331 - INFO - ------------------------------------------------------------------------------------------------------------------------
2020-12-27 17:59:41,332 - INFO - 正在过滤转发微博
2020-12-27 17:59:41,333 - INFO - 微博id：4586692948265099
2020-12-27 17:59:41,333 - INFO - 微博正文：哈哈哈哈哈哈哈哈哈哈哈哈哈哈哈哈哈哈哈哈哈哈哈哈哈哈哈哈哈哈哈哈哈哈哈哈哈哈哈哈哈哈哈哈哈哈哈哈#蛋糕上的篮球真精致##跨年大咖放肆嗨# 互联网欢乐指南的微博视频 
2020-12-27 17:59:41,333 - INFO - 原始图片url：
2020-12-27 17:59:41,333 - INFO - 微博位置：
2020-12-27 17:59:41,334 - INFO - 发布时间：2020-12-27
2020-12-27 17:59:41,334 - INFO - 发布工具：
2020-12-27 17:59:41,334 - INFO - 点赞数：3567
2020-12-27 17:59:41,334 - INFO - 评论数：861
2020-12-27 17:59:41,334 - INFO - 转发数：2228
2020-12-27 17:59:41,334 - INFO - 话题：蛋糕上的篮球真精致,跨年大咖放肆嗨
2020-12-27 17:59:41,334 - INFO - @用户：
2020-12-27 17:59:41,335 - INFO - url：https://m.weibo.cn/detail/4586692948265099
2020-12-27 17:59:41,335 - INFO - ------------------------------------------------------------------------------------------------------------------------
2020-12-27 17:59:41,335 - INFO - 微博id：4586539831005845
2020-12-27 17:59:41,335 - INFO - 微博正文：#原来水龙头也有脾气#  互联网欢乐指南 的红包 
2020-12-27 17:59:41,336 - INFO - 原始图片url：
2020-12-27 17:59:41,336 - INFO - 微博位置：
2020-12-27 17:59:41,336 - INFO - 发布时间：2020-12-27
2020-12-27 17:59:41,336 - INFO - 发布工具：
2020-12-27 17:59:41,336 - INFO - 点赞数：11
2020-12-27 17:59:41,336 - INFO - 评论数：2
2020-12-27 17:59:41,336 - INFO - 转发数：1
2020-12-27 17:59:41,336 - INFO - 话题：原来水龙头也有脾气
2020-12-27 17:59:41,336 - INFO - @用户：
2020-12-27 17:59:41,337 - INFO - url：https://m.weibo.cn/detail/4586539831005845
2020-12-27 17:59:41,337 - INFO - ------------------------------------------------------------------------------------------------------------------------
2020-12-27 17:59:41,338 - INFO - 微博id：4586528590268993
2020-12-27 17:59:41,338 - INFO - 微博正文：#原来水龙头也有脾气#这水龙头怎么还吐口水？ 互联网欢乐指南的微博视频 
2020-12-27 17:59:41,338 - INFO - 原始图片url：
2020-12-27 17:59:41,338 - INFO - 微博位置：
2020-12-27 17:59:41,338 - INFO - 发布时间：2020-12-26
2020-12-27 17:59:41,338 - INFO - 发布工具：
2020-12-27 17:59:41,338 - INFO - 点赞数：374
2020-12-27 17:59:41,338 - INFO - 评论数：56
2020-12-27 17:59:41,339 - INFO - 转发数：21
2020-12-27 17:59:41,339 - INFO - 话题：原来水龙头也有脾气
2020-12-27 17:59:41,339 - INFO - @用户：
2020-12-27 17:59:41,339 - INFO - url：https://m.weibo.cn/detail/4586528590268993
2020-12-27 17:59:41,347 - INFO - ------------------------------------------------------------------------------------------------------------------------
2020-12-27 17:59:41,347 - INFO - 微博id：4586520118299061
2020-12-27 17:59:41,348 - INFO - 微博正文：刚刚煮泡面加了三个鸡蛋，衷心地祝愿大家也能早日过上这种小康生活。 
2020-12-27 17:59:41,348 - INFO - 原始图片url：https://wx3.sinaimg.cn/large/0082Idzdgy1gm1no356raj30cl0c9jsb.jpg
2020-12-27 17:59:41,348 - INFO - 微博位置：
2020-12-27 17:59:41,348 - INFO - 发布时间：2020-12-26
2020-12-27 17:59:41,348 - INFO - 发布工具：
2020-12-27 17:59:41,348 - INFO - 点赞数：877
2020-12-27 17:59:41,348 - INFO - 评论数：113
2020-12-27 17:59:41,349 - INFO - 转发数：12
2020-12-27 17:59:41,349 - INFO - 话题：
2020-12-27 17:59:41,349 - INFO - @用户：
2020-12-27 17:59:41,349 - INFO - url：https://m.weibo.cn/detail/4586520118299061
2020-12-27 17:59:41,349 - INFO - ------------------------------------------------------------------------------------------------------------------------
2020-12-27 17:59:41,350 - INFO - 正在过滤转发微博
2020-12-27 17:59:41,351 - INFO - 微博id：4586444407179244
2020-12-27 17:59:41,351 - INFO - 微博正文：人类早期驯服野生水龙头视频#原来水龙头也有脾气##2020微博混剪大赛##趣味2020# 互联网欢乐指南的微博视频 
2020-12-27 17:59:41,351 - INFO - 原始图片url：
2020-12-27 17:59:41,351 - INFO - 微博位置：
2020-12-27 17:59:41,351 - INFO - 发布时间：2020-12-26
2020-12-27 17:59:41,352 - INFO - 发布工具：幽默吐槽 · 视频社区
2020-12-27 17:59:41,352 - INFO - 点赞数：14711
2020-12-27 17:59:41,352 - INFO - 评论数：4027
2020-12-27 17:59:41,352 - INFO - 转发数：9288
2020-12-27 17:59:41,352 - INFO - 话题：原来水龙头也有脾气,2020微博混剪大赛,趣味2020
2020-12-27 17:59:41,352 - INFO - @用户：
2020-12-27 17:59:41,353 - INFO - url：https://m.weibo.cn/detail/4586444407179244
2020-12-27 17:59:41,353 - INFO - ------------------------------------------------------------------------------------------------------------------------
2020-12-27 17:59:41,353 - INFO - 微博id：4586341990407089
2020-12-27 17:59:41,362 - INFO - 微博正文：#2020最后一个周末怎么过#干饭人与2020告别的方式就是吃吃吃。 互联网欢乐指南的微博视频 
2020-12-27 17:59:41,362 - INFO - 原始图片url：
2020-12-27 17:59:41,363 - INFO - 微博位置：
2020-12-27 17:59:41,363 - INFO - 发布时间：2020-12-26
2020-12-27 17:59:41,363 - INFO - 发布工具：
2020-12-27 17:59:41,363 - INFO - 点赞数：911
2020-12-27 17:59:41,363 - INFO - 评论数：289
2020-12-27 17:59:41,364 - INFO - 转发数：280
2020-12-27 17:59:41,364 - INFO - 话题：2020最后一个周末怎么过
2020-12-27 17:59:41,364 - INFO - @用户：
2020-12-27 17:59:41,364 - INFO - url：https://m.weibo.cn/detail/4586341990407089
2020-12-27 17:59:41,364 - INFO - ------------------------------------------------------------------------------------------------------------------------
2020-12-27 17:59:41,364 - INFO - ------------------------------已获取互联网欢乐指南(7369153915)的第1页微博------------------------------
2020-12-27 17:59:41,990 - INFO - 正在过滤转发微博
2020-12-27 17:59:41,991 - INFO - 正在过滤转发微博
2020-12-27 17:59:42,219 - INFO - ------------------------------已获取互联网欢乐指南(7369153915)的第2页微博------------------------------
2020-12-27 17:59:42,221 - INFO - 7条微博写入json文件完毕,保存路径:
2020-12-27 17:59:42,221 - INFO - c:\Develop\python\uploadBili\weibo\互联网欢乐指南\7369153915.json
2020-12-27 17:59:42,221 - INFO - 微博爬取完成，共爬取7条微博
2020-12-27 17:59:42,221 - INFO - 信息抓取完毕
2020-12-27 17:59:42,221 - INFO - ****************************************************************************************************
2020-12-27 17:59:42,721 - INFO - 看我眼色行事好吧 信息写入csv文件完毕，保存路径:
2020-12-27 17:59:42,721 - INFO - c:\Develop\python\uploadBili\weibo\users.csv
2020-12-27 17:59:42,721 - INFO - ++++++++++++++++++++++++++++++++++++++++++++++++++++++++++++++++++++++++++++++++++++++++++++++++++++
2020-12-27 17:59:42,721 - INFO - 用户信息
2020-12-27 17:59:42,721 - INFO - 用户id：3929428825
2020-12-27 17:59:42,722 - INFO - 用户昵称：看我眼色行事好吧
2020-12-27 17:59:42,722 - INFO - 性别：女
2020-12-27 17:59:42,722 - INFO - 生日：
2020-12-27 17:59:42,730 - INFO - 所在地：北京 东城区
2020-12-27 17:59:42,730 - INFO - 教育经历：
2020-12-27 17:59:42,731 - INFO - 公司：
2020-12-27 17:59:42,738 - INFO - 阳光信用：
2020-12-27 17:59:42,738 - INFO - 注册时间：
2020-12-27 17:59:42,739 - INFO - 微博数：23678
2020-12-27 17:59:42,739 - INFO - 粉丝数：6766772
2020-12-27 17:59:42,739 - INFO - 关注数：661
2020-12-27 17:59:42,739 - INFO - url：https://m.weibo.cn/profile/3929428825
2020-12-27 17:59:42,739 - INFO - 段子手
2020-12-27 17:59:42,740 - INFO - 翻译点有趣的东西吧！禁所有！版权属于原作者！合作私信
2020-12-27 17:59:42,740 - INFO - ++++++++++++++++++++++++++++++++++++++++++++++++++++++++++++++++++++++++++++++++++++++++++++++++++++
2020-12-27 17:59:43,140 - INFO - 正在过滤转发微博
2020-12-27 17:59:43,141 - INFO - 正在过滤转发微博
2020-12-27 17:59:43,387 - INFO - 微博id：4586745489798717
2020-12-27 17:59:43,388 - INFO - 微博正文：不平凡的2020年马上过去了，快来吸吸iQOO 2020年锦鲤们的欧气啦~参加#寻找iQOO2020最后一条锦鲤#活动，12月31号抽一人送新年硬核玩家宝箱，包含：iQOO5手机、任天堂健身环游戏套装和桌游套装，详情戳视频。vivo官方旗舰店 另外上支付宝搜【星愿免单】，参与#新年许星愿，星享事成#活动，抽vivo产品免单，更有29999红包大奖！，一起爆发欧气，往更精彩的2021迈进吧！iQOO手机的微博视频
2020-12-27 17:59:43,388 - INFO - 原始图片url：
2020-12-27 17:59:43,388 - INFO - 微博位置：
2020-12-27 17:59:43,388 - INFO - 发布时间：2020-12-27
2020-12-27 17:59:43,389 - INFO - 发布工具：微博  weibo.com
2020-12-27 17:59:43,401 - INFO - 点赞数：1081
2020-12-27 17:59:43,401 - INFO - 评论数：163
2020-12-27 17:59:43,401 - INFO - 转发数：164
2020-12-27 17:59:43,402 - INFO - 话题：寻找iQOO2020最后一条锦鲤,新年许星愿，星享事成
2020-12-27 17:59:43,402 - INFO - @用户：
2020-12-27 17:59:43,402 - INFO - url：https://m.weibo.cn/detail/4586745489798717
2020-12-27 17:59:43,403 - INFO - ------------------------------------------------------------------------------------------------------------------------
2020-12-27 17:59:43,404 - INFO - 正在过滤转发微博
2020-12-27 17:59:43,404 - INFO - 正在过滤转发微博
2020-12-27 17:59:43,405 - INFO - 微博id：4586715320156363
2020-12-27 17:59:43,405 - INFO - 微博正文：271的双旦福利还有谁没看见吗！爱奇艺#VIP福利严选日#VIP一键上车，可以抽取年终超级福利！更有价值9888的福利袋：乐高+AirPods Pro+瘦脸仪+空气净化器+猫王收音机！错悔生啊集美！！！赶紧动动小手！下一个中奖的就是你！！！网页链接 
2020-12-27 17:59:43,405 - INFO - 原始图片url：https://wx1.sinaimg.cn/large/a66d0169ly1gm1greae72j20ku0qswxj.jpg,https://wx2.sinaimg.cn/large/a66d0169ly1gm1greqowcj20ku0yrnng.jpg,https://wx3.sinaimg.cn/large/a66d0169ly1gm1grf0xxoj20ku0kztla.jpg,https://wx2.sinaimg.cn/large/a66d0169ly1gm1grfck8mj20ku0yu4fe.jpg
2020-12-27 17:59:43,406 - INFO - 微博位置：
2020-12-27 17:59:43,406 - INFO - 发布时间：2020-12-27
2020-12-27 17:59:43,406 - INFO - 发布工具：微博  weibo.com
2020-12-27 17:59:43,406 - INFO - 点赞数：1153
2020-12-27 17:59:43,407 - INFO - 评论数：107
2020-12-27 17:59:43,407 - INFO - 转发数：107
2020-12-27 17:59:43,407 - INFO - 话题：VIP福利严选日
2020-12-27 17:59:43,407 - INFO - @用户：
2020-12-27 17:59:43,407 - INFO - url：https://m.weibo.cn/detail/4586715320156363
2020-12-27 17:59:43,407 - INFO - ------------------------------------------------------------------------------------------------------------------------
2020-12-27 17:59:43,408 - INFO - 正在过滤转发微博
2020-12-27 17:59:43,409 - INFO - 微博id：4586511669922181
2020-12-27 17:59:43,409 - INFO - 微博正文：#假装叫错男朋友名字# 我到底在期待什么啊#跨年大咖放肆嗨#  看我眼色行事好吧的微博视频 
2020-12-27 17:59:43,409 - INFO - 原始图片url：
2020-12-27 17:59:43,409 - INFO - 微博位置：
2020-12-27 17:59:43,409 - INFO - 发布时间：2020-12-26
2020-12-27 17:59:43,409 - INFO - 发布工具：微博视频
2020-12-27 17:59:43,410 - INFO - 点赞数：60540
2020-12-27 17:59:43,410 - INFO - 评论数：2631
2020-12-27 17:59:43,410 - INFO - 转发数：2173
2020-12-27 17:59:43,410 - INFO - 话题：假装叫错男朋友名字,跨年大咖放肆嗨
2020-12-27 17:59:43,410 - INFO - @用户：
2020-12-27 17:59:43,410 - INFO - url：https://m.weibo.cn/detail/4586511669922181
2020-12-27 17:59:43,411 - INFO - ------------------------------------------------------------------------------------------------------------------------
2020-12-27 17:59:43,411 - INFO - 微博id：4586505312146395
2020-12-27 17:59:43,411 - INFO - 微博正文：给狗狗竖国际友好手势，看它会是什么反应  看我眼色行事好吧的微博视频 
2020-12-27 17:59:43,411 - INFO - 原始图片url：
2020-12-27 17:59:43,418 - INFO - 微博位置：
2020-12-27 17:59:43,418 - INFO - 发布时间：2020-12-26
2020-12-27 17:59:43,419 - INFO - 发布工具：可爱萌宠 · 视频社区
2020-12-27 17:59:43,419 - INFO - 点赞数：1020
2020-12-27 17:59:43,419 - INFO - 评论数：152
2020-12-27 17:59:43,419 - INFO - 转发数：55
2020-12-27 17:59:43,419 - INFO - 话题：
2020-12-27 17:59:43,419 - INFO - @用户：
2020-12-27 17:59:43,420 - INFO - url：https://m.weibo.cn/detail/4586505312146395
2020-12-27 17:59:43,420 - INFO - ------------------------------------------------------------------------------------------------------------------------
2020-12-27 17:59:43,420 - INFO - 微博id：4586501445002351
2020-12-27 17:59:43,420 - INFO - 微博正文：迪士尼的公主们和我打招呼  看我眼色行事好吧的微博视频 
2020-12-27 17:59:43,421 - INFO - 原始图片url：
2020-12-27 17:59:43,421 - INFO - 微博位置：
2020-12-27 17:59:43,421 - INFO - 发布时间：2020-12-26
2020-12-27 17:59:43,421 - INFO - 发布工具：微博视频
2020-12-27 17:59:43,421 - INFO - 点赞数：974
2020-12-27 17:59:43,421 - INFO - 评论数：50
2020-12-27 17:59:43,421 - INFO - 转发数：73
2020-12-27 17:59:43,421 - INFO - 话题：
2020-12-27 17:59:43,422 - INFO - @用户：
2020-12-27 17:59:43,422 - INFO - url：https://m.weibo.cn/detail/4586501445002351
2020-12-27 17:59:43,422 - INFO - ------------------------------------------------------------------------------------------------------------------------
2020-12-27 17:59:43,422 - INFO - ------------------------------已获取看我眼色行事好吧(3929428825)的第1页微博------------------------------
2020-12-27 17:59:43,774 - INFO - 微博id：4586496231736581
2020-12-27 17:59:43,774 - INFO - 微博正文：孩子的公主梦破灭了  看我眼色行事好吧的微博视频 
2020-12-27 17:59:43,774 - INFO - 原始图片url：
2020-12-27 17:59:43,774 - INFO - 微博位置：
2020-12-27 17:59:43,775 - INFO - 发布时间：2020-12-26
2020-12-27 17:59:43,775 - INFO - 发布工具：微博视频
2020-12-27 17:59:43,775 - INFO - 点赞数：1298
2020-12-27 17:59:43,775 - INFO - 评论数：121
2020-12-27 17:59:43,775 - INFO - 转发数：107
2020-12-27 17:59:43,776 - INFO - 话题：
2020-12-27 17:59:43,776 - INFO - @用户：
2020-12-27 17:59:43,776 - INFO - url：https://m.weibo.cn/detail/4586496231736581
2020-12-27 17:59:43,776 - INFO - ------------------------------------------------------------------------------------------------------------------------
2020-12-27 17:59:44,025 - ERROR - 'object_id'
Traceback (most recent call last):
  File "c:\Develop\python\uploadBili\weibo.py", line 630, in get_one_weibo
    retweet = self.get_long_weibo(retweet_id)
  File "c:\Develop\python\uploadBili\weibo.py", line 289, in get_long_weibo
    weibo = self.parse_weibo(weibo_info)
  File "c:\Develop\python\uploadBili\weibo.py", line 557, in parse_weibo
    weibo['object_id'] = weibo_info['page_info']['object_id']
KeyError: 'object_id'
2020-12-27 17:59:44,027 - INFO - 正在过滤转发微博
2020-12-27 17:59:44,035 - INFO - 微博id：4586380849582504
2020-12-27 17:59:44,035 - INFO - 微博正文：这个也是上过大学的#这就是上过大学的狗吗# 看我眼色行事好吧的微博视频 
2020-12-27 17:59:44,036 - INFO - 原始图片url：
2020-12-27 17:59:44,036 - INFO - 微博位置：
2020-12-27 17:59:44,036 - INFO - 发布时间：2020-12-26
2020-12-27 17:59:44,036 - INFO - 发布工具：可爱萌宠 · 视频社区
2020-12-27 17:59:44,036 - INFO - 点赞数：2856
2020-12-27 17:59:44,037 - INFO - 评论数：235
2020-12-27 17:59:44,037 - INFO - 转发数：395
2020-12-27 17:59:44,037 - INFO - 话题：这就是上过大学的狗吗
2020-12-27 17:59:44,037 - INFO - @用户：
2020-12-27 17:59:44,038 - INFO - url：https://m.weibo.cn/detail/4586380849582504
2020-12-27 17:59:44,044 - INFO - ------------------------------------------------------------------------------------------------------------------------
2020-12-27 17:59:44,306 - INFO - ------------------------------已获取看我眼色行事好吧(3929428825)的第2页微博------------------------------
2020-12-27 17:59:44,310 - INFO - 7条微博写入json文件完毕,保存路径:
2020-12-27 17:59:44,315 - INFO - c:\Develop\python\uploadBili\weibo\看我眼色行事好吧\3929428825.json
2020-12-27 17:59:44,316 - INFO - 微博爬取完成，共爬取7条微博
2020-12-27 17:59:44,316 - INFO - 信息抓取完毕
2020-12-27 17:59:44,316 - INFO - ****************************************************************************************************
2020-12-27 17:59:44,992 - INFO - 经典名场面bot 信息写入csv文件完毕，保存路径:
2020-12-27 17:59:44,992 - INFO - c:\Develop\python\uploadBili\weibo\users.csv
2020-12-27 17:59:44,992 - INFO - ++++++++++++++++++++++++++++++++++++++++++++++++++++++++++++++++++++++++++++++++++++++++++++++++++++
2020-12-27 17:59:44,992 - INFO - 用户信息
2020-12-27 17:59:44,993 - INFO - 用户id：6300207081
2020-12-27 17:59:44,993 - INFO - 用户昵称：经典名场面bot
2020-12-27 17:59:44,993 - INFO - 性别：女
2020-12-27 17:59:45,000 - INFO - 生日：
2020-12-27 17:59:45,001 - INFO - 所在地：湖北
2020-12-27 17:59:45,001 - INFO - 教育经历：
2020-12-27 17:59:45,001 - INFO - 公司：
2020-12-27 17:59:45,001 - INFO - 阳光信用：
2020-12-27 17:59:45,001 - INFO - 注册时间：
2020-12-27 17:59:45,002 - INFO - 微博数：652
2020-12-27 17:59:45,002 - INFO - 粉丝数：5934445
2020-12-27 17:59:45,002 - INFO - 关注数：123
2020-12-27 17:59:45,002 - INFO - url：https://m.weibo.cn/profile/6300207081
2020-12-27 17:59:45,002 - INFO - 搞笑幽默博主 微博剪辑视频博主
2020-12-27 17:59:45,002 - INFO - 你的快乐大瀑布/私信投稿/商务私信
2020-12-27 17:59:45,003 - INFO - ++++++++++++++++++++++++++++++++++++++++++++++++++++++++++++++++++++++++++++++++++++++++++++++++++++
2020-12-27 17:59:45,444 - INFO - 微博id：4586751802741186
2020-12-27 17:59:45,445 - INFO - 微博正文：#辣目洋子像是在鄙视我#建议辣目年度flag完成情况上加一条：今年也贡献表情包了#辣目洋子flag大师# 
2020-12-27 17:59:45,445 - INFO - 原始图片url：https://wx2.sinaimg.cn/large/006Sn1Ffgy1gm2ds19ehfj30ks0ry1kx.jpg,https://wx3.sinaimg.cn/large/006Sn1Ffgy1gm2ds3dg95j311m1e5b2d.jpg,https://wx4.sinaimg.cn/large/006Sn1Ffgy1gm2ds43gymj30ku0i6nf1.jpg,https://wx3.sinaimg.cn/large/006Sn1Ffgy1gm2ds0gflej30730ciq4y.jpg
2020-12-27 17:59:45,445 - INFO - 微博位置：
2020-12-27 17:59:45,446 - INFO - 发布时间：2020-12-27
2020-12-27 17:59:45,446 - INFO - 发布工具：iPhone 12 Pro Max
2020-12-27 17:59:45,455 - INFO - 点赞数：121
2020-12-27 17:59:45,456 - INFO - 评论数：280
2020-12-27 17:59:45,456 - INFO - 转发数：223
2020-12-27 17:59:45,456 - INFO - 话题：辣目洋子像是在鄙视我,辣目洋子flag大师
2020-12-27 17:59:45,456 - INFO - @用户：
2020-12-27 17:59:45,457 - INFO - url：https://m.weibo.cn/detail/4586751802741186
2020-12-27 17:59:45,457 - INFO - ------------------------------------------------------------------------------------------------------------------------
2020-12-27 17:59:45,458 - INFO - 微博id：4586741716222340
2020-12-27 17:59:45,458 - INFO - 微博正文：#史上最冷场的音乐会# 冬天来了，春天还会远吗？极寒天气下的挑战，有点儿东西哦~#零下三十度的冰面演出#  溟溟君的微博视频 
2020-12-27 17:59:45,458 - INFO - 原始图片url：
2020-12-27 17:59:45,458 - INFO - 微博位置：
2020-12-27 17:59:45,458 - INFO - 发布时间：2020-12-27
2020-12-27 17:59:45,458 - INFO - 发布工具：微博  weibo.com
2020-12-27 17:59:45,459 - INFO - 点赞数：363
2020-12-27 17:59:45,459 - INFO - 评论数：272
2020-12-27 17:59:45,459 - INFO - 转发数：220
2020-12-27 17:59:45,459 - INFO - 话题：史上最冷场的音乐会,零下三十度的冰面演出
2020-12-27 17:59:45,459 - INFO - @用户：
2020-12-27 17:59:45,459 - INFO - url：https://m.weibo.cn/detail/4586741716222340
2020-12-27 17:59:45,459 - INFO - ------------------------------------------------------------------------------------------------------------------------
2020-12-27 17:59:45,460 - INFO - 微博id：4586341221794245
2020-12-27 17:59:45,460 - INFO - 微博正文：#2020最后一个周末怎么过#  2020年过得也太快了吧！2021年的目标就是不定目标了吧！ 
2020-12-27 17:59:45,460 - INFO - 原始图片url：https://wx1.sinaimg.cn/large/006Sn1Ffgy1gm11q19x4xj30h60cd76g.jpg,https://wx1.sinaimg.cn/large/006Sn1Ffgy1gm11q1lcfhj30j60i9q4q.jpg,https://wx1.sinaimg.cn/large/006Sn1Ffgy1gm11q1xxmoj30eg0c775v.jpg,https://wx3.sinaimg.cn/large/006Sn1Ffgy1gm11q0tovmj30go0kctbr.jpg
2020-12-27 17:59:45,460 - INFO - 微博位置：
2020-12-27 17:59:45,461 - INFO - 发布时间：2020-12-26
2020-12-27 17:59:45,461 - INFO - 发布工具：iPhone 12 Pro Max
2020-12-27 17:59:45,461 - INFO - 点赞数：432
2020-12-27 17:59:45,461 - INFO - 评论数：490
2020-12-27 17:59:45,461 - INFO - 转发数：244
2020-12-27 17:59:45,461 - INFO - 话题：2020最后一个周末怎么过
2020-12-27 17:59:45,462 - INFO - @用户：
2020-12-27 17:59:45,462 - INFO - url：https://m.weibo.cn/detail/4586341221794245
2020-12-27 17:59:45,462 - INFO - ------------------------------------------------------------------------------------------------------------------------
2020-12-27 17:59:45,462 - INFO - ------------------------------已获取经典名场面bot(6300207081)的第1页微博------------------------------
2020-12-27 17:59:45,464 - INFO - 3条微博写入json文件完毕,保存路径:
2020-12-27 17:59:45,464 - INFO - c:\Develop\python\uploadBili\weibo\经典名场面bot\6300207081.json
2020-12-27 17:59:45,464 - INFO - 微博爬取完成，共爬取3条微博
2020-12-27 17:59:45,465 - INFO - 信息抓取完毕
2020-12-27 17:59:45,465 - INFO - ****************************************************************************************************
2020-12-27 18:01:11,884 - INFO - title:这大眼睛你们喜欢吗 怪兽电力园的微博视频  resourceUrl:https://weibo.com/tv/show/1034:4586763096621152 发布成功
2020-12-27 18:02:23,296 - INFO - title:#毁掉一个男人有多简单# 为什么你们都不相信光呢 他只是个孩子啊的微博视频  resourceUrl:https://weibo.com/tv/show/1034:4586479305818168 发布成功
2020-12-27 18:03:29,298 - INFO - title:哈哈哈哈哈哈哈哈哈哈哈哈哈哈哈哈哈哈哈哈哈哈哈哈哈哈哈哈哈哈哈哈哈哈哈哈哈哈哈哈哈哈哈哈哈哈哈哈#蛋糕上的篮球真精致##跨年大咖放肆嗨# 互联网欢乐指南的微博视频  resourceUrl:https://weibo.com/tv/show/1034:4586692745560122 发布成功
2020-12-27 18:04:35,264 - INFO - title:#原来水龙头也有脾气#这水龙头怎么还吐口水？ 互联网欢乐指南的微博视频  resourceUrl:https://weibo.com/tv/show/1034:4586528484294658 发布成功
2020-12-27 18:05:50,554 - INFO - title:人类早期驯服野生水龙头视频#原来水龙头也有脾气##2020微博混剪大赛##趣味2020# 互联网欢乐指南的微博视频  resourceUrl:https://weibo.com/tv/show/1034:4586443570610207 发布成功
2020-12-27 18:07:04,586 - INFO - title:#2020最后一个周末怎么过#干饭人与2020告别的方式就是吃吃吃。 互联网欢乐指南的微博视频  resourceUrl:https://weibo.com/tv/show/1034:4586324473085993 发布成功
2020-12-27 18:08:12,942 - INFO - title:不平凡的2020年马上过去了，快来吸吸iQOO 2020年锦鲤们的欧气啦~参加#寻找iQOO2020最后一条锦鲤#活动，12月31号抽一人送新年硬核玩家宝箱，包含：iQOO5手机、任天堂健身环游戏套装和桌游套装，详情戳视频。vivo官方旗舰店 另外上支付宝搜【星愿免单】，参与#新年许星愿，星享事成#活动，抽vivo产品免单，更有29999红包大奖！，一起爆发欧气，往更精彩的2021迈进吧！iQOO手机的微博视频 resourceUrl:https://weibo.com/tv/show/1034:4586691621486597 发布成功
2020-12-27 18:09:26,344 - INFO - title:#假装叫错男朋友名字# 我到底在期待什么啊#跨年大咖放肆嗨#  看我眼色行事好吧的微博视频  resourceUrl:https://weibo.com/tv/show/1034:4586510633336875 发布成功
2020-12-27 18:11:02,241 - INFO - title:给狗狗竖国际友好手势，看它会是什么反应  看我眼色行事好吧的微博视频  resourceUrl:https://weibo.com/tv/show/1034:4586503876313133 发布成功
2020-12-27 18:12:08,515 - INFO - title:迪士尼的公主们和我打招呼  看我眼色行事好吧的微博视频  resourceUrl:https://weibo.com/tv/show/1034:4586501229445170 发布成功
